<?xml version="1.0" encoding="UTF-8"?>
<!-- Generated by org.testng.reporters.JUnitXMLReporter -->
<testsuite ignored="2" hostname="Shiva_9686" failures="0" tests="3" name="Default test" time="0.044" errors="0" timestamp="2024-09-27T14:31:07 IST">
  <testcase classname="com.actiTime.Testscript.CreateModule" name="createCustomer" time="0.012"/>
  <testcase classname="com.actiTime.Testscript.CreateModule" name="createCustomer" time="0.002"/>
  <testcase classname="com.actiTime.Testscript.CreateModule" name="createCustomer" time="0.001"/>
  <testcase classname="com.actiTime.Testscript.CreateModule" name="deleteCustomer" time="0.0">
    <ignored/>
  </testcase> <!-- deleteCustomer -->
  <testcase classname="com.actiTime.Testscript.CreateModule" name="modifyCustomer" time="0.0">
    <ignored/>
  </testcase> <!-- modifyCustomer -->
</testsuite> <!-- Default test -->
